<?xml version="1.0" encoding="UTF-8"?>
<!-- Generated by org.testng.reporters.JUnitReportReporter -->
<testsuite hostname="DESKTOP-NASGHBL" name="com.wbl.api_automation.helper.RestAssuredAPITest" tests="2" failures="0" timestamp="22 Sep 2017 23:27:57 GMT" time="9.022" errors="0">
  <testcase name="get1" time="1.643" classname="com.wbl.api_automation.helper.RestAssuredAPITest"/>
  <testcase name="get" time="7.379" classname="com.wbl.api_automation.helper.RestAssuredAPITest"/>
</testsuite> <!-- com.wbl.api_automation.helper.RestAssuredAPITest -->
