<?xml version="1.0" encoding="UTF-8"?>
<!-- Generated by org.testng.reporters.JUnitReportReporter -->
<testsuite hostname="DESKTOP-8VM1LII" name="REST_HTTPCLIENT.HttpClient_automation.TalentScreen" tests="45" failures="1" timestamp="8 Jul 2018 19:58:58 GMT" time="0.823" errors="0">
  <testcase name="country_status_y" time="0.001" classname="REST_HTTPCLIENT.HttpClient_automation.TalentScreen"/>
  <testcase name="country_status_y" time="0.001" classname="REST_HTTPCLIENT.HttpClient_automation.TalentScreen"/>
  <testcase name="country_status_y" time="0.004" classname="REST_HTTPCLIENT.HttpClient_automation.TalentScreen"/>
  <testcase name="country_status_y" time="0.001" classname="REST_HTTPCLIENT.HttpClient_automation.TalentScreen"/>
  <testcase name="country_status_y" time="0.001" classname="REST_HTTPCLIENT.HttpClient_automation.TalentScreen"/>
  <testcase name="country_status_y" time="0.002" classname="REST_HTTPCLIENT.HttpClient_automation.TalentScreen"/>
  <testcase name="country_status_y" time="0.009" classname="REST_HTTPCLIENT.HttpClient_automation.TalentScreen"/>
  <testcase name="country_status_y" time="0.001" classname="REST_HTTPCLIENT.HttpClient_automation.TalentScreen"/>
  <testcase name="country_status_y" time="0.004" classname="REST_HTTPCLIENT.HttpClient_automation.TalentScreen"/>
  <testcase name="country_status_y" time="0.001" classname="REST_HTTPCLIENT.HttpClient_automation.TalentScreen"/>
  <testcase name="country_status_y" time="0.002" classname="REST_HTTPCLIENT.HttpClient_automation.TalentScreen"/>
  <testcase name="country_status_y" time="0.001" classname="REST_HTTPCLIENT.HttpClient_automation.TalentScreen"/>
  <testcase name="country_status_y" time="0.001" classname="REST_HTTPCLIENT.HttpClient_automation.TalentScreen"/>
  <testcase name="country_status_y" time="0.001" classname="REST_HTTPCLIENT.HttpClient_automation.TalentScreen"/>
  <testcase name="country_status_y" time="0.001" classname="REST_HTTPCLIENT.HttpClient_automation.TalentScreen"/>
  <testcase name="country_status_y" time="0.002" classname="REST_HTTPCLIENT.HttpClient_automation.TalentScreen"/>
  <testcase name="country_status_y" time="0.001" classname="REST_HTTPCLIENT.HttpClient_automation.TalentScreen"/>
  <testcase name="country_status_y" time="0.001" classname="REST_HTTPCLIENT.HttpClient_automation.TalentScreen"/>
  <testcase name="country_status_y" time="0.001" classname="REST_HTTPCLIENT.HttpClient_automation.TalentScreen"/>
  <testcase name="country_status_y" time="0.001" classname="REST_HTTPCLIENT.HttpClient_automation.TalentScreen"/>
  <testcase name="country_status_y" time="0.001" classname="REST_HTTPCLIENT.HttpClient_automation.TalentScreen"/>
  <testcase name="country_status_y" time="0.001" classname="REST_HTTPCLIENT.HttpClient_automation.TalentScreen"/>
  <testcase name="country_status_y" time="0.001" classname="REST_HTTPCLIENT.HttpClient_automation.TalentScreen"/>
  <testcase name="country_status_y" time="0.001" classname="REST_HTTPCLIENT.HttpClient_automation.TalentScreen"/>
  <testcase name="country_status_y" time="0.001" classname="REST_HTTPCLIENT.HttpClient_automation.TalentScreen"/>
  <testcase name="country_status_y" time="0.002" classname="REST_HTTPCLIENT.HttpClient_automation.TalentScreen"/>
  <testcase name="country_status_y" time="0.001" classname="REST_HTTPCLIENT.HttpClient_automation.TalentScreen"/>
  <testcase name="country_status_y" time="0.002" classname="REST_HTTPCLIENT.HttpClient_automation.TalentScreen"/>
  <testcase name="country_status_y" time="0.000" classname="REST_HTTPCLIENT.HttpClient_automation.TalentScreen"/>
  <testcase name="country_status_y" time="0.001" classname="REST_HTTPCLIENT.HttpClient_automation.TalentScreen"/>
  <testcase name="country_status_y" time="0.008" classname="REST_HTTPCLIENT.HttpClient_automation.TalentScreen"/>
  <testcase name="country_status_y" time="0.003" classname="REST_HTTPCLIENT.HttpClient_automation.TalentScreen"/>
  <testcase name="country_status_y" time="0.001" classname="REST_HTTPCLIENT.HttpClient_automation.TalentScreen"/>
  <testcase name="country_status_y" time="0.001" classname="REST_HTTPCLIENT.HttpClient_automation.TalentScreen"/>
  <testcase name="getStatusTest" time="0.736" classname="REST_HTTPCLIENT.HttpClient_automation.TalentScreen"/>
  <testcase name="country_status_y" time="0.004" classname="REST_HTTPCLIENT.HttpClient_automation.TalentScreen"/>
  <testcase name="country_status_y" time="0.001" classname="REST_HTTPCLIENT.HttpClient_automation.TalentScreen"/>
  <testcase name="country_status_y" time="0.008" classname="REST_HTTPCLIENT.HttpClient_automation.TalentScreen"/>
  <testcase name="country_status_y" time="0.001" classname="REST_HTTPCLIENT.HttpClient_automation.TalentScreen"/>
  <testcase name="country_status_y" time="0.001" classname="REST_HTTPCLIENT.HttpClient_automation.TalentScreen"/>
  <testcase name="country_status_y" time="0.002" classname="REST_HTTPCLIENT.HttpClient_automation.TalentScreen"/>
  <testcase name="country_status_y" time="0.002" classname="REST_HTTPCLIENT.HttpClient_automation.TalentScreen"/>
  <testcase name="country_status_y" time="0.002" classname="REST_HTTPCLIENT.HttpClient_automation.TalentScreen"/>
  <testcase name="country_status_y" time="0.004" classname="REST_HTTPCLIENT.HttpClient_automation.TalentScreen">
    <failure type="java.lang.AssertionError" message="expected [n] but found [y]">
      <![CDATA[java.lang.AssertionError: expected [n] but found [y]
	at org.testng.Assert.fail(Assert.java:94)
	at org.testng.Assert.failNotEquals(Assert.java:496)
	at org.testng.Assert.assertEquals(Assert.java:125)
	at org.testng.Assert.assertEquals(Assert.java:167)
	at REST_HTTPCLIENT.HttpClient_automation.TalentScreen.country_status_y(TalentScreen.java:115)
	at sun.reflect.GeneratedMethodAccessor1.invoke(Unknown Source)
	at sun.reflect.DelegatingMethodAccessorImpl.invoke(Unknown Source)
	at java.lang.reflect.Method.invoke(Unknown Source)
	at org.testng.internal.MethodInvocationHelper.invokeMethod(MethodInvocationHelper.java:85)
	at org.testng.internal.Invoker.invokeMethod(Invoker.java:639)
	at org.testng.internal.Invoker.invokeTestMethod(Invoker.java:816)
	at org.testng.internal.Invoker.invokeTestMethods(Invoker.java:1124)
	at org.testng.internal.TestMethodWorker.invokeTestMethods(TestMethodWorker.java:125)
	at org.testng.internal.TestMethodWorker.run(TestMethodWorker.java:108)
	at org.testng.TestRunner.privateRun(TestRunner.java:774)
	at org.testng.TestRunner.run(TestRunner.java:624)
	at org.testng.SuiteRunner.runTest(SuiteRunner.java:359)
	at org.testng.SuiteRunner.runSequentially(SuiteRunner.java:354)
	at org.testng.SuiteRunner.privateRun(SuiteRunner.java:312)
	at org.testng.SuiteRunner.run(SuiteRunner.java:261)
	at org.testng.SuiteRunnerWorker.runSuite(SuiteRunnerWorker.java:52)
	at org.testng.SuiteRunnerWorker.run(SuiteRunnerWorker.java:86)
	at org.testng.TestNG.runSuitesSequentially(TestNG.java:1215)
	at org.testng.TestNG.runSuitesLocally(TestNG.java:1140)
	at org.testng.TestNG.run(TestNG.java:1048)
	at org.testng.remote.AbstractRemoteTestNG.run(AbstractRemoteTestNG.java:114)
	at org.testng.remote.RemoteTestNG.initAndRun(RemoteTestNG.java:251)
	at org.testng.remote.RemoteTestNG.main(RemoteTestNG.java:77)
]]>
    </failure>
  </testcase> <!-- country_status_y -->
  <testcase name="country_status_y" time="0.001" classname="REST_HTTPCLIENT.HttpClient_automation.TalentScreen"/>
</testsuite> <!-- REST_HTTPCLIENT.HttpClient_automation.TalentScreen -->
