<?xml version="1.0" encoding="UTF-8"?>
<!-- Generated by org.testng.reporters.JUnitReportReporter -->
<testsuite hostname="LAPTOP-0CBOI79K" name="REST_HTTPCLIENT.HttpClient_automation.ApiTesting" tests="45" failures="0" timestamp="3 Oct 2018 23:05:39 GMT" time="1.324" errors="0">
  <testcase name="country_status_y" time="0.002" classname="REST_HTTPCLIENT.HttpClient_automation.ApiTesting"/>
  <testcase name="country_status_y" time="0.004" classname="REST_HTTPCLIENT.HttpClient_automation.ApiTesting"/>
  <testcase name="country_status_y" time="0.016" classname="REST_HTTPCLIENT.HttpClient_automation.ApiTesting"/>
  <testcase name="country_status_y" time="0.003" classname="REST_HTTPCLIENT.HttpClient_automation.ApiTesting"/>
  <testcase name="country_status_y" time="0.017" classname="REST_HTTPCLIENT.HttpClient_automation.ApiTesting"/>
  <testcase name="country_status_y" time="0.011" classname="REST_HTTPCLIENT.HttpClient_automation.ApiTesting"/>
  <testcase name="country_status_y" time="0.009" classname="REST_HTTPCLIENT.HttpClient_automation.ApiTesting"/>
  <testcase name="country_status_y" time="0.016" classname="REST_HTTPCLIENT.HttpClient_automation.ApiTesting"/>
  <testcase name="country_status_y" time="0.014" classname="REST_HTTPCLIENT.HttpClient_automation.ApiTesting"/>
  <testcase name="country_status_y" time="0.019" classname="REST_HTTPCLIENT.HttpClient_automation.ApiTesting"/>
  <testcase name="country_status_y" time="0.060" classname="REST_HTTPCLIENT.HttpClient_automation.ApiTesting"/>
  <testcase name="country_status_y" time="0.028" classname="REST_HTTPCLIENT.HttpClient_automation.ApiTesting"/>
  <testcase name="country_status_y" time="0.013" classname="REST_HTTPCLIENT.HttpClient_automation.ApiTesting"/>
  <testcase name="country_status_y" time="0.009" classname="REST_HTTPCLIENT.HttpClient_automation.ApiTesting"/>
  <testcase name="country_status_y" time="0.008" classname="REST_HTTPCLIENT.HttpClient_automation.ApiTesting"/>
  <testcase name="country_status_y" time="0.005" classname="REST_HTTPCLIENT.HttpClient_automation.ApiTesting"/>
  <testcase name="country_status_y" time="0.015" classname="REST_HTTPCLIENT.HttpClient_automation.ApiTesting"/>
  <testcase name="country_status_y" time="0.009" classname="REST_HTTPCLIENT.HttpClient_automation.ApiTesting"/>
  <testcase name="country_status_y" time="0.009" classname="REST_HTTPCLIENT.HttpClient_automation.ApiTesting"/>
  <testcase name="country_status_y" time="0.013" classname="REST_HTTPCLIENT.HttpClient_automation.ApiTesting"/>
  <testcase name="country_status_y" time="0.005" classname="REST_HTTPCLIENT.HttpClient_automation.ApiTesting"/>
  <testcase name="country_status_y" time="0.002" classname="REST_HTTPCLIENT.HttpClient_automation.ApiTesting"/>
  <testcase name="country_status_y" time="0.014" classname="REST_HTTPCLIENT.HttpClient_automation.ApiTesting"/>
  <testcase name="country_status_y" time="0.003" classname="REST_HTTPCLIENT.HttpClient_automation.ApiTesting"/>
  <testcase name="country_status_y" time="0.005" classname="REST_HTTPCLIENT.HttpClient_automation.ApiTesting"/>
  <testcase name="country_status_y" time="0.002" classname="REST_HTTPCLIENT.HttpClient_automation.ApiTesting"/>
  <testcase name="country_status_y" time="0.010" classname="REST_HTTPCLIENT.HttpClient_automation.ApiTesting"/>
  <testcase name="country_status_y" time="0.006" classname="REST_HTTPCLIENT.HttpClient_automation.ApiTesting"/>
  <testcase name="country_status_y" time="0.011" classname="REST_HTTPCLIENT.HttpClient_automation.ApiTesting"/>
  <testcase name="country_status_y" time="0.005" classname="REST_HTTPCLIENT.HttpClient_automation.ApiTesting"/>
  <testcase name="country_status_y" time="0.012" classname="REST_HTTPCLIENT.HttpClient_automation.ApiTesting"/>
  <testcase name="country_status_y" time="0.014" classname="REST_HTTPCLIENT.HttpClient_automation.ApiTesting"/>
  <testcase name="country_status_y" time="0.002" classname="REST_HTTPCLIENT.HttpClient_automation.ApiTesting"/>
  <testcase name="country_status_y" time="0.012" classname="REST_HTTPCLIENT.HttpClient_automation.ApiTesting"/>
  <testcase name="country_status_y" time="0.014" classname="REST_HTTPCLIENT.HttpClient_automation.ApiTesting"/>
  <testcase name="getStatusTest" time="0.776" classname="REST_HTTPCLIENT.HttpClient_automation.ApiTesting"/>
  <testcase name="country_status_y" time="0.005" classname="REST_HTTPCLIENT.HttpClient_automation.ApiTesting"/>
  <testcase name="country_status_y" time="0.005" classname="REST_HTTPCLIENT.HttpClient_automation.ApiTesting"/>
  <testcase name="country_status_y" time="0.015" classname="REST_HTTPCLIENT.HttpClient_automation.ApiTesting"/>
  <testcase name="country_status_y" time="0.100" classname="REST_HTTPCLIENT.HttpClient_automation.ApiTesting"/>
  <testcase name="country_status_y" time="0.008" classname="REST_HTTPCLIENT.HttpClient_automation.ApiTesting"/>
  <testcase name="country_status_y" time="0.005" classname="REST_HTTPCLIENT.HttpClient_automation.ApiTesting"/>
  <testcase name="country_status_y" time="0.004" classname="REST_HTTPCLIENT.HttpClient_automation.ApiTesting"/>
  <testcase name="country_status_y" time="0.007" classname="REST_HTTPCLIENT.HttpClient_automation.ApiTesting"/>
  <testcase name="country_status_y" time="0.002" classname="REST_HTTPCLIENT.HttpClient_automation.ApiTesting"/>
</testsuite> <!-- REST_HTTPCLIENT.HttpClient_automation.ApiTesting -->
