<?xml version="1.0" encoding="UTF-8"?>
<!-- Generated by org.testng.reporters.JUnitReportReporter -->
<testsuite hostname="DESKTOP-NASGHBL" name="REST_HTTPCLIENT.HttpClient.com.App" tests="1" failures="0" timestamp="14 Sep 2017 16:48:47 GMT" time="1.390" errors="0">
  <testcase name="get" time="1.390" classname="REST_HTTPCLIENT.HttpClient.com.App"/>
</testsuite> <!-- REST_HTTPCLIENT.HttpClient.com.App -->
